Flow report for Z1013_DE1
Wed May 01 23:25:49 2013
Quartus II Version 9.1 Build 350 03/24/2010 Service Pack 2 SJ Web Edition


---------------------
; Table of Contents ;
---------------------
  1. Legal Notice
  2. Flow Summary
  3. Flow Settings
  4. Flow Non-Default Global Settings
  5. Flow Elapsed Time
  6. Flow OS Summary
  7. Flow Log



----------------
; Legal Notice ;
----------------
Copyright (C) 1991-2010 Altera Corporation
Your use of Altera Corporation's design tools, logic functions 
and other software and tools, and its AMPP partner logic 
functions, and any output files from any of the foregoing 
(including device programming or simulation files), and any 
associated documentation or information are expressly subject 
to the terms and conditions of the Altera Program License 
Subscription Agreement, Altera MegaCore Function License 
Agreement, or other applicable license agreement, including, 
without limitation, that your use is for the sole purpose of 
programming logic devices manufactured by Altera and sold by 
Altera or its authorized distributors.  Please refer to the 
applicable agreement for further details.



+-----------------------------------------------------------------------------------+
; Flow Summary                                                                      ;
+------------------------------------+----------------------------------------------+
; Flow Status                        ; Successful - Wed May 01 23:25:48 2013        ;
; Quartus II Version                 ; 9.1 Build 350 03/24/2010 SP 2 SJ Web Edition ;
; Revision Name                      ; Z1013_DE1                                    ;
; Top-level Entity Name              ; de1_wrapper                                  ;
; Family                             ; Cyclone II                                   ;
; Device                             ; EP2C20F484C7                                 ;
; Timing Models                      ; Final                                        ;
; Met timing requirements            ; No                                           ;
; Total logic elements               ; 2,978 / 18,752 ( 16 % )                      ;
;     Total combinational functions  ; 2,777 / 18,752 ( 15 % )                      ;
;     Dedicated logic registers      ; 839 / 18,752 ( 4 % )                         ;
; Total registers                    ; 839                                          ;
; Total pins                         ; 118 / 315 ( 37 % )                           ;
; Total virtual pins                 ; 0                                            ;
; Total memory bits                  ; 49,280 / 239,616 ( 21 % )                    ;
; Embedded Multiplier 9-bit elements ; 0 / 52 ( 0 % )                               ;
; Total PLLs                         ; 1 / 4 ( 25 % )                               ;
+------------------------------------+----------------------------------------------+


+-----------------------------------------+
; Flow Settings                           ;
+-------------------+---------------------+
; Option            ; Setting             ;
+-------------------+---------------------+
; Start date & time ; 05/01/2013 17:55:40 ;
; Main task         ; Compilation         ;
; Revision Name     ; Z1013_DE1           ;
+-------------------+---------------------+


+----------------------------------------------------------------------------------------------------------------+
; Flow Non-Default Global Settings                                                                               ;
+-------------------------------------+-------------------------------+---------------+-------------+------------+
; Assignment Name                     ; Value                         ; Default Value ; Entity Name ; Section Id ;
+-------------------------------------+-------------------------------+---------------+-------------+------------+
; COMPILER_SIGNATURE_ID               ; 8796759026059.136742373501948 ; --            ; --          ; --         ;
; IP_TOOL_NAME                        ; ALTPLL                        ; --            ; --          ; --         ;
; IP_TOOL_VERSION                     ; 12.0                          ; --            ; --          ; --         ;
; MISC_FILE                           ; altpll0.cmp                   ; --            ; --          ; --         ;
; MISC_FILE                           ; altpll0.ppf                   ; --            ; --          ; --         ;
; PARTITION_COLOR                     ; 2147039                       ; --            ; de1_wrapper ; Top        ;
; PARTITION_FITTER_PRESERVATION_LEVEL ; PLACEMENT_AND_ROUTING         ; --            ; de1_wrapper ; Top        ;
; PARTITION_NETLIST_TYPE              ; SOURCE                        ; --            ; de1_wrapper ; Top        ;
; SMART_RECOMPILE                     ; On                            ; Off           ; --          ; --         ;
; TOP_LEVEL_ENTITY                    ; de1_wrapper                   ; Z1013_DE1     ; --          ; --         ;
+-------------------------------------+-------------------------------+---------------+-------------+------------+


+-----------------------------------------------------------------------------------------------------------------------------+
; Flow Elapsed Time                                                                                                           ;
+-------------------------+--------------+-------------------------+---------------------+------------------------------------+
; Module Name             ; Elapsed Time ; Average Processors Used ; Peak Virtual Memory ; Total CPU Time (on all processors) ;
+-------------------------+--------------+-------------------------+---------------------+------------------------------------+
; Analysis & Synthesis    ; 00:08:53     ; 1.0                     ; 239 MB              ; 00:03:24                           ;
; Fitter                  ; 00:03:48     ; 1.0                     ; 209 MB              ; 00:01:48                           ;
; Assembler               ; 00:02:29     ; 1.0                     ; 187 MB              ; 00:00:08                           ;
; Classic Timing Analyzer ; 00:03:16     ; 1.0                     ; 137 MB              ; 00:00:06                           ;
; Fitter                  ; 00:03:39     ; 1.0                     ; 233 MB              ; 00:01:51                           ;
; Assembler               ; 00:02:14     ; 1.0                     ; 187 MB              ; 00:00:07                           ;
; Classic Timing Analyzer ; 00:03:15     ; 1.0                     ; 137 MB              ; 00:00:08                           ;
; Total                   ; 00:27:34     ; --                      ; --                  ; 00:07:32                           ;
+-------------------------+--------------+-------------------------+---------------------+------------------------------------+


+---------------------------------------------------------------------------------------+
; Flow OS Summary                                                                       ;
+-------------------------+------------------+------------+------------+----------------+
; Module Name             ; Machine Hostname ; OS Name    ; OS Version ; Processor type ;
+-------------------------+------------------+------------+------------+----------------+
; Analysis & Synthesis    ; noname-vbox      ; Windows XP ; 5.1        ; i1686          ;
; Fitter                  ; noname-vbox      ; Windows XP ; 5.1        ; i1686          ;
; Assembler               ; noname-vbox      ; Windows XP ; 5.1        ; i1686          ;
; Classic Timing Analyzer ; noname-vbox      ; Windows XP ; 5.1        ; i1686          ;
; Fitter                  ; noname-vbox      ; Windows XP ; 5.1        ; i1686          ;
; Assembler               ; noname-vbox      ; Windows XP ; 5.1        ; i1686          ;
; Classic Timing Analyzer ; noname-vbox      ; Windows XP ; 5.1        ; i1686          ;
+-------------------------+------------------+------------+------------+----------------+


------------
; Flow Log ;
------------
quartus_map --read_settings_files=on --write_settings_files=off Z1013_DE1 -c Z1013_DE1
quartus_fit --read_settings_files=off --write_settings_files=off Z1013_DE1 -c Z1013_DE1
quartus_asm --read_settings_files=off --write_settings_files=off Z1013_DE1 -c Z1013_DE1
quartus_tan --read_settings_files=off --write_settings_files=off Z1013_DE1 -c Z1013_DE1 --timing_analysis_only
quartus_fit --read_settings_files=on --write_settings_files=off Z1013_DE1 -c Z1013_DE1
quartus_asm --read_settings_files=off --write_settings_files=off Z1013_DE1 -c Z1013_DE1
quartus_tan --read_settings_files=off --write_settings_files=off Z1013_DE1 -c Z1013_DE1 --timing_analysis_only



